  fileFunctions.cpp
  listFunctions.cpp
  main.cpp
  Generating Code...
LINK : error LNK2001: unresolved external symbol main.cpp
listFunctions.obj : error LNK2019: unresolved external symbol __imp__invalid_parameter referenced in function "void * __cdecl std::_Allocate_manually_vector_aligned<struct std::_Default_allocate_traits>(unsigned __int64)" (??$_Allocate_manually_vector_aligned@U_Default_allocate_traits@std@@@std@@YAPEAX_K@Z)
main.obj : error LNK2001: unresolved external symbol __imp__invalid_parameter
listFunctions.obj : error LNK2019: unresolved external symbol __imp__CrtDbgReport referenced in function "void * __cdecl std::_Allocate_manually_vector_aligned<struct std::_Default_allocate_traits>(unsigned __int64)" (??$_Allocate_manually_vector_aligned@U_Default_allocate_traits@std@@@std@@YAPEAX_K@Z)
main.obj : error LNK2001: unresolved external symbol __imp__CrtDbgReport
listFunctions.obj : error LNK2019: unresolved external symbol memcmp referenced in function "public: static int __cdecl std::_Narrow_char_traits<char,int>::compare(char const * const,char const * const,unsigned __int64)" (?compare@?$_Narrow_char_traits@DH@std@@SAHQEBD0_K@Z)
listFunctions.obj : error LNK2019: unresolved external symbol memcpy referenced in function "public: static char * __cdecl std::_Char_traits<char,int>::copy(char * const,char const * const,unsigned __int64)" (?copy@?$_Char_traits@DH@std@@SAPEADQEADQEBD_K@Z)
main.obj : error LNK2001: unresolved external symbol memcpy
listFunctions.obj : error LNK2019: unresolved external symbol strlen referenced in function "public: static unsigned __int64 __cdecl std::_Narrow_char_traits<char,int>::length(char const * const)" (?length@?$_Narrow_char_traits@DH@std@@SA_KQEBD@Z)
main.obj : error LNK2001: unresolved external symbol strlen
listFunctions.obj : error LNK2019: unresolved external symbol __std_exception_copy referenced in function "public: __cdecl std::exception::exception(class std::exception const &)" (??0exception@std@@QEAA@AEBV01@@Z)
main.obj : error LNK2001: unresolved external symbol __std_exception_copy
MSVCRTD.lib(throw_bad_alloc.obj) : error LNK2001: unresolved external symbol __std_exception_copy
listFunctions.obj : error LNK2019: unresolved external symbol __std_exception_destroy referenced in function "public: virtual __cdecl std::exception::~exception(void)" (??1exception@std@@UEAA@XZ)
main.obj : error LNK2001: unresolved external symbol __std_exception_destroy
MSVCRTD.lib(throw_bad_alloc.obj) : error LNK2001: unresolved external symbol __std_exception_destroy
listFunctions.obj : error LNK2019: unresolved external symbol _CxxThrowException referenced in function "void __cdecl std::_Throw_bad_array_new_length(void)" (?_Throw_bad_array_new_length@std@@YAXXZ)
main.obj : error LNK2001: unresolved external symbol _CxxThrowException
MSVCRTD.lib(throw_bad_alloc.obj) : error LNK2001: unresolved external symbol _CxxThrowException
listFunctions.obj : error LNK2001: unresolved external symbol __CxxFrameHandler4
main.obj : error LNK2001: unresolved external symbol __CxxFrameHandler4
MSVCRTD.lib(gshandlereh4.obj) : error LNK2001: unresolved external symbol __CxxFrameHandler4
msvcprtd.lib(locale0_implib.obj) : error LNK2001: unresolved external symbol __CxxFrameHandler4
main.obj : error LNK2019: unresolved external symbol __imp__get_stream_buffer_pointers referenced in function "protected: void __cdecl std::basic_filebuf<char,struct std::char_traits<char> >::_Init(struct _iobuf *,enum std::basic_filebuf<char,struct std::char_traits<char> >::_Initfl)" (?_Init@?$basic_filebuf@DU?$char_traits@D@std@@@std@@IEAAXPEAU_iobuf@@W4_Initfl@12@@Z)
main.obj : error LNK2019: unresolved external symbol __imp_fclose referenced in function "public: class std::basic_filebuf<char,struct std::char_traits<char> > * __cdecl std::basic_filebuf<char,struct std::char_traits<char> >::close(void)" (?close@?$basic_filebuf@DU?$char_traits@D@std@@@std@@QEAAPEAV12@XZ)
main.obj : error LNK2019: unresolved external symbol __imp_fflush referenced in function "protected: virtual int __cdecl std::basic_filebuf<char,struct std::char_traits<char> >::sync(void)" (?sync@?$basic_filebuf@DU?$char_traits@D@std@@@std@@MEAAHXZ)
main.obj : error LNK2019: unresolved external symbol __imp_fgetc referenced in function "bool __cdecl std::_Fgetc<char>(char &,struct _iobuf *)" (??$_Fgetc@D@std@@YA_NAEADPEAU_iobuf@@@Z)
main.obj : error LNK2019: unresolved external symbol __imp_fgetpos referenced in function "protected: virtual class std::fpos<struct _Mbstatet> __cdecl std::basic_filebuf<char,struct std::char_traits<char> >::seekoff(__int64,int,int)" (?seekoff@?$basic_filebuf@DU?$char_traits@D@std@@@std@@MEAA?AV?$fpos@U_Mbstatet@@@2@_JHH@Z)
main.obj : error LNK2019: unresolved external symbol __imp_fputc referenced in function "bool __cdecl std::_Fputc<char>(char,struct _iobuf *)" (??$_Fputc@D@std@@YA_NDPEAU_iobuf@@@Z)
main.obj : error LNK2019: unresolved external symbol __imp_fread referenced in function "protected: virtual __int64 __cdecl std::basic_filebuf<char,struct std::char_traits<char> >::xsgetn(char *,__int64)" (?xsgetn@?$basic_filebuf@DU?$char_traits@D@std@@@std@@MEAA_JPEAD_J@Z)
main.obj : error LNK2019: unresolved external symbol __imp_fsetpos referenced in function "protected: virtual class std::fpos<struct _Mbstatet> __cdecl std::basic_filebuf<char,struct std::char_traits<char> >::seekpos(class std::fpos<struct _Mbstatet>,int)" (?seekpos@?$basic_filebuf@DU?$char_traits@D@std@@@std@@MEAA?AV?$fpos@U_Mbstatet@@@2@V32@H@Z)
main.obj : error LNK2019: unresolved external symbol __imp__fseeki64 referenced in function "protected: virtual class std::fpos<struct _Mbstatet> __cdecl std::basic_filebuf<char,struct std::char_traits<char> >::seekoff(__int64,int,int)" (?seekoff@?$basic_filebuf@DU?$char_traits@D@std@@@std@@MEAA?AV?$fpos@U_Mbstatet@@@2@_JHH@Z)
main.obj : error LNK2019: unresolved external symbol __imp_fwrite referenced in function "protected: bool __cdecl std::basic_filebuf<char,struct std::char_traits<char> >::_Endwrite(void)" (?_Endwrite@?$basic_filebuf@DU?$char_traits@D@std@@@std@@IEAA_NXZ)
main.obj : error LNK2019: unresolved external symbol __imp_setvbuf referenced in function "protected: virtual class std::basic_streambuf<char,struct std::char_traits<char> > * __cdecl std::basic_filebuf<char,struct std::char_traits<char> >::setbuf(char *,__int64)" (?setbuf@?$basic_filebuf@DU?$char_traits@D@std@@@std@@MEAAPEAV?$basic_streambuf@DU?$char_traits@D@std@@@2@PEAD_J@Z)
main.obj : error LNK2019: unresolved external symbol __imp_ungetc referenced in function "bool __cdecl std::_Ungetc<char>(char const &,struct _iobuf *)" (??$_Ungetc@D@std@@YA_NAEBDPEAU_iobuf@@@Z)
main.obj : error LNK2019: unresolved external symbol __imp__lock_file referenced in function "public: virtual void __cdecl std::basic_filebuf<char,struct std::char_traits<char> >::_Lock(void)" (?_Lock@?$basic_filebuf@DU?$char_traits@D@std@@@std@@UEAAXXZ)
main.obj : error LNK2019: unresolved external symbol __imp__unlock_file referenced in function "public: virtual void __cdecl std::basic_filebuf<char,struct std::char_traits<char> >::_Unlock(void)" (?_Unlock@?$basic_filebuf@DU?$char_traits@D@std@@@std@@UEAAXXZ)
main.obj : error LNK2019: unresolved external symbol memmove referenced in function "public: static char * __cdecl std::_Char_traits<char,int>::move(char * const,char const * const,unsigned __int64)" (?move@?$_Char_traits@DH@std@@SAPEADQEADQEBD_K@Z)
MSVCRTD.lib(new_scalar.obj) : error LNK2019: unresolved external symbol _callnewh referenced in function "void * __cdecl operator new(unsigned __int64)" (??2@YAPEAX_K@Z)
MSVCRTD.lib(new_scalar.obj) : error LNK2019: unresolved external symbol malloc referenced in function "void * __cdecl operator new(unsigned __int64)" (??2@YAPEAX_K@Z)
MSVCRTD.lib(init.obj) : error LNK2019: unresolved external symbol _CrtDbgReport referenced in function _CRT_RTC_INIT
MSVCRTD.lib(init.obj) : error LNK2019: unresolved external symbol _CrtDbgReportW referenced in function _CRT_RTC_INITW
MSVCRTD.lib(delete_scalar.obj) : error LNK2019: unresolved external symbol _free_dbg referenced in function "void __cdecl operator delete(void *)" (??3@YAXPEAX@Z)
MSVCRTD.lib(error.obj) : error LNK2019: unresolved external symbol strcpy_s referenced in function "void __cdecl _RTC_StackFailure(void *,char const *)" (?_RTC_StackFailure@@YAXPEAXPEBD@Z)
MSVCRTD.lib(error.obj) : error LNK2019: unresolved external symbol strcat_s referenced in function "void __cdecl _RTC_StackFailure(void *,char const *)" (?_RTC_StackFailure@@YAXPEAXPEBD@Z)
MSVCRTD.lib(error.obj) : error LNK2019: unresolved external symbol __stdio_common_vsprintf_s referenced in function _vsprintf_s_l
MSVCRTD.lib(error.obj) : error LNK2001: unresolved external symbol __C_specific_handler_noexcept
MSVCRTD.lib(pdblkup.obj) : error LNK2019: unresolved external symbol _wmakepath_s referenced in function "int __cdecl GetPdbDllPathFromFilePath(wchar_t const *,wchar_t *,unsigned __int64)" (?GetPdbDllPathFromFilePath@@YAHPEB_WPEA_W_K@Z)
MSVCRTD.lib(pdblkup.obj) : error LNK2019: unresolved external symbol _wsplitpath_s referenced in function "int __cdecl GetPdbDllPathFromFilePath(wchar_t const *,wchar_t *,unsigned __int64)" (?GetPdbDllPathFromFilePath@@YAHPEB_WPEA_W_K@Z)
MSVCRTD.lib(pdblkup.obj) : error LNK2019: unresolved external symbol wcscpy_s referenced in function "int __cdecl GetPdbDllPathFromFilePath(wchar_t const *,wchar_t *,unsigned __int64)" (?GetPdbDllPathFromFilePath@@YAHPEB_WPEA_W_K@Z)
MSVCRTD.lib(pdblkup.obj) : error LNK2019: unresolved external symbol __vcrt_GetModuleFileNameW referenced in function "struct HINSTANCE__ * __cdecl GetPdbDll(void)" (?GetPdbDll@@YAPEAUHINSTANCE__@@XZ)
MSVCRTD.lib(pdblkup.obj) : error LNK2019: unresolved external symbol __vcrt_GetModuleHandleW referenced in function "struct HINSTANCE__ * __cdecl GetPdbDll(void)" (?GetPdbDll@@YAPEAUHINSTANCE__@@XZ)
MSVCRTD.lib(pdblkup.obj) : error LNK2019: unresolved external symbol __vcrt_LoadLibraryExW referenced in function "struct HINSTANCE__ * __cdecl GetPdbDll(void)" (?GetPdbDll@@YAPEAUHINSTANCE__@@XZ)
msvcprtd.lib(locale0_implib.obj) : error LNK2019: unresolved external symbol __imp__free_dbg referenced in function "public: static void __cdecl std::_Fac_node::operator delete(void *)" (??3_Fac_node@std@@SAXPEAX@Z)
msvcprtd.lib(locale0_implib.obj) : error LNK2019: unresolved external symbol __imp__malloc_dbg referenced in function "public: static void * __cdecl std::_Fac_node::operator new(unsigned __int64)" (??2_Fac_node@std@@SAPEAX_K@Z)
MSVCRTD.lib(utility.obj) : error LNK2019: unresolved external symbol __vcrt_initialize referenced in function __scrt_initialize_crt
MSVCRTD.lib(utility.obj) : error LNK2019: unresolved external symbol __vcrt_uninitialize referenced in function __scrt_initialize_crt
MSVCRTD.lib(utility.obj) : error LNK2019: unresolved external symbol __vcrt_uninitialize_critical referenced in function __scrt_dllmain_uninitialize_critical
MSVCRTD.lib(utility.obj) : error LNK2019: unresolved external symbol __vcrt_thread_attach referenced in function __scrt_dllmain_crt_thread_attach
MSVCRTD.lib(utility.obj) : error LNK2019: unresolved external symbol __vcrt_thread_detach referenced in function __scrt_dllmain_crt_thread_attach
MSVCRTD.lib(utility.obj) : error LNK2019: unresolved external symbol _seh_filter_dll referenced in function __scrt_dllmain_exception_filter
MSVCRTD.lib(utility.obj) : error LNK2019: unresolved external symbol _is_c_termination_complete referenced in function __scrt_dllmain_uninitialize_c
MSVCRTD.lib(utility.obj) : error LNK2019: unresolved external symbol _configure_narrow_argv referenced in function "public: static int __cdecl __scrt_narrow_argv_policy::configure_argv(void)" (?configure_argv@__scrt_narrow_argv_policy@@SAHXZ)
MSVCRTD.lib(utility.obj) : error LNK2019: unresolved external symbol _initialize_narrow_environment referenced in function "public: static int __cdecl __scrt_narrow_environment_policy::initialize_environment(void)" (?initialize_environment@__scrt_narrow_environment_policy@@SAHXZ)
MSVCRTD.lib(utility.obj) : error LNK2019: unresolved external symbol _initialize_onexit_table referenced in function __scrt_initialize_onexit_tables
MSVCRTD.lib(utility.obj) : error LNK2019: unresolved external symbol _register_onexit_function referenced in function _onexit
MSVCRTD.lib(utility.obj) : error LNK2019: unresolved external symbol _execute_onexit_table referenced in function __scrt_dllmain_uninitialize_c
MSVCRTD.lib(utility.obj) : error LNK2019: unresolved external symbol _crt_atexit referenced in function _onexit
MSVCRTD.lib(utility.obj) : error LNK2019: unresolved external symbol _crt_at_quick_exit referenced in function at_quick_exit
MSVCRTD.lib(utility.obj) : error LNK2019: unresolved external symbol __acrt_initialize referenced in function __scrt_initialize_crt
MSVCRTD.lib(utility.obj) : error LNK2019: unresolved external symbol __acrt_uninitialize referenced in function __scrt_uninitialize_crt
MSVCRTD.lib(utility.obj) : error LNK2019: unresolved external symbol __acrt_uninitialize_critical referenced in function __scrt_dllmain_uninitialize_critical
MSVCRTD.lib(utility.obj) : error LNK2019: unresolved external symbol __acrt_thread_attach referenced in function __scrt_dllmain_crt_thread_attach
MSVCRTD.lib(utility.obj) : error LNK2019: unresolved external symbol __acrt_thread_detach referenced in function __scrt_dllmain_crt_thread_detach
MSVCRTD.lib(utility.obj) : error LNK2019: unresolved external symbol _cexit referenced in function __scrt_dllmain_uninitialize_c
MSVCRTD.lib(utility.obj) : error LNK2001: unresolved external symbol __C_specific_handler
MSVCRTD.lib(utility_desktop.obj) : error LNK2019: unresolved external symbol terminate referenced in function __scrt_unhandled_exception_filter
MSVCRTD.lib(utility_desktop.obj) : error LNK2019: unresolved external symbol __current_exception referenced in function __scrt_unhandled_exception_filter
MSVCRTD.lib(utility_desktop.obj) : error LNK2019: unresolved external symbol __current_exception_context referenced in function __scrt_unhandled_exception_filter
C:\Users\dark_\OneDrive\Documents\School\Semester 4\PROG2400\Assignment 1\x64\Debug\Assignment 1.exe : fatal error LNK1120: 66 unresolved externals
